14:47:58,201 asyncio DEBUG Using selector: EpollSelector
14:47:58,201 telethon.network.mtprotosender INFO Connecting to 149.154.167.51:443/TcpFull...
14:47:58,201 telethon.network.mtprotosender DEBUG Connection attempt 1...
14:47:58,252 telethon.network.mtprotosender DEBUG Connection success!
14:47:58,252 telethon.network.mtprotosender DEBUG Starting send loop
14:47:58,252 telethon.network.mtprotosender DEBUG Starting receive loop
14:47:58,252 telethon.network.mtprotosender INFO Connection to 149.154.167.51:443/TcpFull complete!
14:47:58,257 telethon.network.mtprotosender DEBUG Waiting for messages to send...
14:47:58,257 telethon.extensions.messagepacker DEBUG Assigned msg_id = 7324677076336085912 to InvokeWithLayerRequest (7f2bd203b710)
14:47:58,257 telethon.network.mtprotosender DEBUG Encrypting 1 message(s) in 80 bytes for sending
14:47:58,257 telethon.network.mtprotosender DEBUG Encrypted messages put in a queue to be sent
14:47:58,257 telethon.network.mtprotosender DEBUG Waiting for messages to send...
14:47:58,258 telethon.network.mtprotosender DEBUG Receiving items from the network...
14:47:58,308 telethon.network.mtprotosender DEBUG Handling bad salt for message 7324677076336085912
14:47:58,308 telethon.network.mtprotosender DEBUG 1 message(s) will be resent
14:47:58,308 telethon.network.mtprotosender DEBUG Receiving items from the network...
14:47:58,308 telethon.extensions.messagepacker DEBUG Assigned msg_id = 7324677076538419360 to InvokeWithLayerRequest (7f2bd203b710)
14:47:58,308 telethon.network.mtprotosender DEBUG Encrypting 1 message(s) in 80 bytes for sending
14:47:58,308 telethon.network.mtprotosender DEBUG Encrypted messages put in a queue to be sent
14:47:58,308 telethon.network.mtprotosender DEBUG Waiting for messages to send...
14:47:58,308 telethon.extensions.messagepacker DEBUG Assigned msg_id = 7324677076539200420 to MsgsAck (7f2bd203bd50)
14:47:58,308 telethon.network.mtprotosender DEBUG Encrypting 1 message(s) in 36 bytes for sending
14:47:58,308 telethon.network.mtprotosender DEBUG Encrypted messages put in a queue to be sent
14:47:58,308 telethon.network.mtprotosender DEBUG Waiting for messages to send...
14:47:58,358 telethon.network.mtprotosender DEBUG Handling bad msg BadMsgNotification(bad_msg_id=7324677076538419360, bad_msg_seqno=3, error_code=17)
14:47:58,358 telethon.network.mtprotostate DEBUG Updated time offset (old offset 0, bad 7324677076738873120, good 7324646141181002753, new -7203)
14:47:58,358 telethon.network.mtprotosender INFO System clock is wrong, set time offset to -7203s
14:47:58,358 telethon.network.mtprotosender DEBUG 1 messages will be resent due to bad msg
14:47:58,358 telethon.network.mtprotosender DEBUG Receiving items from the network...
14:47:58,358 telethon.extensions.messagepacker DEBUG Assigned msg_id = 7324646140089948340 to InvokeWithLayerRequest (7f2bd203b710)
14:47:58,358 telethon.network.mtprotosender DEBUG Encrypting 1 message(s) in 80 bytes for sending
14:47:58,358 telethon.network.mtprotosender DEBUG Encrypted messages put in a queue to be sent
14:47:58,358 telethon.network.mtprotosender DEBUG Waiting for messages to send...
14:47:58,358 telethon.extensions.messagepacker DEBUG Assigned msg_id = 7324646140090687436 to MsgsAck (7f2bd203bcd0)
14:47:58,358 telethon.network.mtprotosender DEBUG Encrypting 1 message(s) in 36 bytes for sending
14:47:58,358 telethon.network.mtprotosender DEBUG Handling bad msg BadMsgNotification(bad_msg_id=7324677076539200420, bad_msg_seqno=4, error_code=17)
14:47:58,359 telethon.network.mtprotosender INFO System clock is wrong, set time offset to -7203s
14:47:58,359 telethon.network.mtprotosender DEBUG 1 messages will be resent due to bad msg
14:47:58,359 telethon.network.mtprotosender DEBUG Receiving items from the network...
14:47:58,359 telethon.network.mtprotosender DEBUG Encrypted messages put in a queue to be sent
14:47:58,359 telethon.network.mtprotosender DEBUG Waiting for messages to send...
14:47:58,359 telethon.extensions.messagepacker DEBUG Assigned msg_id = 7324646140092419308 to MsgsAck (7f2bd203bd50)
14:47:58,359 telethon.extensions.messagepacker DEBUG Assigned msg_id = 7324646140092556640 to MsgsAck (7f2bd203be50)
14:47:58,359 telethon.network.mtprotosender DEBUG Encrypting 2 message(s) in 96 bytes for sending
14:47:58,359 telethon.network.mtprotosender DEBUG Encrypted messages put in a queue to be sent
14:47:58,359 telethon.network.mtprotosender DEBUG Waiting for messages to send...
14:47:58,409 telethon.network.mtprotosender DEBUG Handling container
14:47:58,409 telethon.network.mtprotosender DEBUG Handling new session created
14:47:58,409 telethon.network.mtprotosender DEBUG Handling acknowledge for [7324646140089948340]
14:47:58,409 telethon.network.mtprotosender DEBUG Receiving items from the network...
14:47:58,447 telethon.network.mtprotosender DEBUG Handling RPC result for message 7324646140089948340
14:47:58,447 telethon.network.mtprotosender DEBUG Receiving items from the network...
14:47:58,447 telethon.extensions.messagepacker DEBUG Assigned msg_id = 7324646140446624440 to GetUsersRequest (7f2bd203b710)
14:47:58,447 telethon.network.mtprotosender DEBUG Encrypting 1 message(s) in 32 bytes for sending
14:47:58,447 telethon.network.mtprotosender DEBUG Encrypted messages put in a queue to be sent
14:47:58,447 telethon.network.mtprotosender DEBUG Waiting for messages to send...
14:47:58,447 telethon.extensions.messagepacker DEBUG Assigned msg_id = 7324646140447381660 to MsgsAck (7f2bd2050f90)
14:47:58,447 telethon.network.mtprotosender DEBUG Encrypting 1 message(s) in 60 bytes for sending
14:47:58,448 telethon.network.mtprotosender DEBUG Encrypted messages put in a queue to be sent
14:47:58,448 telethon.network.mtprotosender DEBUG Waiting for messages to send...
14:47:58,543 telethon.network.mtprotosender DEBUG Handling RPC result for message 7324646140446624440
14:47:58,544 telethon.network.mtprotosender DEBUG Receiving items from the network...
14:47:58,544 telethon.extensions.messagepacker DEBUG Assigned msg_id = 7324646140832830116 to GetStateRequest (7f2bd203b710)
14:47:58,544 telethon.network.mtprotosender DEBUG Encrypting 1 message(s) in 20 bytes for sending
14:47:58,544 telethon.network.mtprotosender DEBUG Encrypted messages put in a queue to be sent
14:47:58,544 telethon.network.mtprotosender DEBUG Waiting for messages to send...
14:47:58,544 telethon.extensions.messagepacker DEBUG Assigned msg_id = 7324646140833727520 to MsgsAck (7f2bd31cc050)
14:47:58,544 telethon.network.mtprotosender DEBUG Encrypting 1 message(s) in 36 bytes for sending
14:47:58,544 telethon.network.mtprotosender DEBUG Encrypted messages put in a queue to be sent
14:47:58,544 telethon.network.mtprotosender DEBUG Waiting for messages to send...
14:47:58,638 telethon.network.mtprotosender DEBUG Handling RPC result for message 7324646140832830116
14:47:58,638 telethon.network.mtprotosender DEBUG Receiving items from the network...
14:47:58,638 telethon.extensions.messagepacker DEBUG Assigned msg_id = 7324646141210071248 to GetUsersRequest (7f2bd2050590)
14:47:58,638 telethon.network.mtprotosender DEBUG Encrypting 1 message(s) in 32 bytes for sending
14:47:58,638 telethon.network.mtprotosender DEBUG Encrypted messages put in a queue to be sent
14:47:58,638 telethon.network.mtprotosender DEBUG Waiting for messages to send...
14:47:58,638 telethon.extensions.messagepacker DEBUG Assigned msg_id = 7324646141210797948 to MsgsAck (7f2bd2050990)
14:47:58,638 telethon.network.mtprotosender DEBUG Encrypting 1 message(s) in 36 bytes for sending
14:47:58,638 telethon.network.mtprotosender DEBUG Encrypted messages put in a queue to be sent
14:47:58,638 telethon.network.mtprotosender DEBUG Waiting for messages to send...
14:47:58,689 telethon.network.mtprotosender DEBUG Handling acknowledge for [7324646141210071248]
14:47:58,689 telethon.network.mtprotosender DEBUG Receiving items from the network...
14:47:58,690 telethon.network.mtprotosender DEBUG Handling update Updates
14:47:58,690 telethon.network.mtprotosender DEBUG Receiving items from the network...
14:47:58,768 telethon.network.mtprotosender DEBUG Handling RPC result for message 7324646141210071248
14:47:58,768 telethon.network.mtprotosender DEBUG Receiving items from the network...
14:47:58,768 root INFO sending messages starts now
14:47:58,769 telethon.extensions.messagepacker DEBUG Assigned msg_id = 7324646141732494040 to SendMessageRequest (7f2bd203b810)
14:47:58,769 telethon.network.mtprotosender DEBUG Encrypting 1 message(s) in 404 bytes for sending
14:47:58,769 telethon.network.mtprotosender DEBUG Encrypted messages put in a queue to be sent
14:47:58,769 telethon.network.mtprotosender DEBUG Waiting for messages to send...
14:47:58,769 telethon.extensions.messagepacker DEBUG Assigned msg_id = 7324646141733355208 to MsgsAck (7f2bd203bf10)
14:47:58,769 telethon.network.mtprotosender DEBUG Encrypting 1 message(s) in 52 bytes for sending
14:47:58,769 telethon.network.mtprotosender DEBUG Encrypted messages put in a queue to be sent
14:47:58,769 telethon.network.mtprotosender DEBUG Waiting for messages to send...
14:47:58,820 telethon.network.mtprotosender DEBUG Handling acknowledge for [7324646141732494040]
14:47:58,820 telethon.network.mtprotosender DEBUG Receiving items from the network...
14:47:58,820 telethon.network.mtprotosender DEBUG Handling update Updates
14:47:58,820 telethon.network.mtprotosender DEBUG Receiving items from the network...
14:47:59,54 telethon.network.mtprotosender DEBUG Handling RPC result for message 7324646141732494040
14:47:59,54 telethon.network.mtprotosender DEBUG Receiving items from the network...
14:47:59,55 root INFO sending messages is over
14:47:59,55 telethon.network.mtprotosender INFO Disconnecting from 149.154.167.51:443/TcpFull...
14:47:59,55 telethon.network.mtprotosender DEBUG Closing current connection...
14:47:59,55 telethon.network.mtprotosender DEBUG Cancelling 0 pending message(s)...
14:47:59,55 telethon.network.mtprotosender INFO Disconnection from 149.154.167.51:443/TcpFull complete!
14:50:35,536 telethon.network.mtprotosender INFO Connecting to 149.154.167.51:443/TcpFull...
14:50:35,586 telethon.network.mtprotosender INFO Connection to 149.154.167.51:443/TcpFull complete!
14:50:35,692 telethon.network.mtprotosender INFO System clock is wrong, set time offset to -7203s
14:50:35,693 telethon.network.mtprotosender INFO System clock is wrong, set time offset to -7203s
14:50:36,369 root INFO sending messages starts now
14:50:36,679 root INFO sending messages is over
14:50:36,680 telethon.network.mtprotosender INFO Disconnecting from 149.154.167.51:443/TcpFull...
14:50:36,680 telethon.network.mtprotosender INFO Disconnection from 149.154.167.51:443/TcpFull complete!
INFO:telethon.network.mtprotosender:Connecting to 149.154.167.51:443/TcpFull...
INFO:telethon.network.mtprotosender:Connection to 149.154.167.51:443/TcpFull complete!
INFO:telethon.network.mtprotosender:System clock is wrong, set time offset to -7203s
INFO:telethon.network.mtprotosender:System clock is wrong, set time offset to -7203s
INFO:root:sending messages starts now
INFO:root:sending messages is over
INFO:telethon.network.mtprotosender:Disconnecting from 149.154.167.51:443/TcpFull...
INFO:telethon.network.mtprotosender:Disconnection from 149.154.167.51:443/TcpFull complete!
13:18:27 telethon.network.mtprotosender INFO Connecting to 149.154.167.51:443/TcpFull...
13:18:27 telethon.network.mtprotosender INFO Connection to 149.154.167.51:443/TcpFull complete!
13:18:27 root INFO sending messages starts now
13:18:27 root INFO sending messages is over
13:18:27 telethon.network.mtprotosender INFO Disconnecting from 149.154.167.51:443/TcpFull...
13:18:27 telethon.network.mtprotosender INFO Disconnection from 149.154.167.51:443/TcpFull complete!
2024-01-16 13:23:41 telethon.network.mtprotosender INFO Connecting to 149.154.167.51:443/TcpFull...
2024-01-16 13:23:42 telethon.network.mtprotosender INFO Connection to 149.154.167.51:443/TcpFull complete!
2024-01-16 13:23:42 root INFO sending messages starts now
2024-01-16 13:23:42 root INFO sending messages is over
2024-01-16 13:23:42 telethon.network.mtprotosender INFO Disconnecting from 149.154.167.51:443/TcpFull...
2024-01-16 13:23:42 telethon.network.mtprotosender INFO Disconnection from 149.154.167.51:443/TcpFull complete!
2024-01-16 13:28:49 INFO Connecting to 149.154.167.51:443/TcpFull...
2024-01-16 13:28:49 INFO Connection to 149.154.167.51:443/TcpFull complete!
2024-01-16 13:28:49 INFO sending messages starts now
2024-01-16 13:28:49 INFO sending messages is over
2024-01-16 13:28:49 ERROR 1855350939
2024-01-16 13:28:49 INFO Disconnecting from 149.154.167.51:443/TcpFull...
2024-01-16 13:28:49 INFO Disconnection from 149.154.167.51:443/TcpFull complete!
